#
# A fatal error has been detected by the Java Runtime Environment:
#
#  EXCEPTION_ACCESS_VIOLATION (0xc0000005) at pc=0x00007ffa0e64839b, pid=5464, tid=0x0000000000003668
#
# JRE version: Java(TM) SE Runtime Environment (8.0_281-b09) (build 1.8.0_281-b09)
# Java VM: Java HotSpot(TM) 64-Bit Server VM (25.281-b09 mixed mode windows-amd64 compressed oops)
# Problematic frame:
# C  [ig9icd64.dll+0x91839b]
#
# Failed to write core dump. Minidumps are not enabled by default on client versions of Windows
#
# If you would like to submit a bug report, please visit:
#   http://bugreport.java.com/bugreport/crash.jsp
# The crash happened outside the Java Virtual Machine in native code.
# See problematic frame for where to report the bug.
#

---------------  T H R E A D  ---------------

Current thread (0x00000221bffee800):  JavaThread "main-Display-.windows_nil-1-EDT-2" daemon [_thread_in_native, id=13928, stack(0x000000cac9100000,0x000000cac9200000)]

siginfo: ExceptionCode=0xc0000005, reading address 0x0000000000000030

Registers:
RAX=0x00000221c012e2d0, RBX=0x0000000000000000, RCX=0x0000000000000010, RDX=0x00000221bdb0e9f0
RSP=0x000000cac91fbb30, RBP=0x000000cac91fbc30, RSI=0x00000221bdb0f550, RDI=0x00000221bdaa8000
R8 =0x00000221b7b05600, R9 =0x00000221bdb0ee70, R10=0x00000221bdad30ca, R11=0x0000000000000001
R12=0x0000000000000034, R13=0x00000221c012e488, R14=0x0000000000000000, R15=0x0000000000000010
RIP=0x00007ffa0e64839b, EFLAGS=0x0000000000010206

Top of Stack: (sp=0x000000cac91fbb30)
0x000000cac91fbb30:   0000000000000101 000000ca00000001
0x000000cac91fbb40:   0000022100000002 00000221bdae0980
0x000000cac91fbb50:   00000221bdb8dc30 0000000000000000
0x000000cac91fbb60:   0000000000000010 0000000000000001
0x000000cac91fbb70:   0000000000000000 000000005d3cc540
0x000000cac91fbb80:   0000020000010000 0000000300000000
0x000000cac91fbb90:   0000010000000000 0000000000000034
0x000000cac91fbba0:   00000221bdad30ca 000000cac91fc280
0x000000cac91fbbb0:   0000000000000001 00000221c012e488
0x000000cac91fbbc0:   0000022100000002 00000221bdb0ee70
0x000000cac91fbbd0:   00000221bdad30ca 00000221b7af3950
0x000000cac91fbbe0:   0000000000000000 00000221bd7c3eb0
0x000000cac91fbbf0:   00000221b7b056e0 00007ffa4ce72063
0x000000cac91fbc00:   0000000000000000 00000221bdd67050
0x000000cac91fbc10:   00000221bab60184 0000015400000001
0x000000cac91fbc20:   00000221bdadce08 00007ffa4c949f67 

Instructions: (pc=0x00007ffa0e64839b)
0x00007ffa0e64837b:   49 89 13 45 2b e0 e9 94 00 00 00 83 78 08 00 74
0x00007ffa0e64838b:   39 4c 8d a8 b8 01 00 00 4c 89 6d 88 49 8b 5d 30
0x00007ffa0e64839b:   48 8b 43 30 48 8b 48 20 ba 02 00 00 00 48 8b 49
0x00007ffa0e6483ab:   08 e8 6f 33 70 ff 4c 8b 5c 24 78 41 89 43 08 8b 


Register to memory mapping:

RAX=0x00000221c012e2d0 is an unknown value
RBX=0x0000000000000000 is an unknown value
RCX=0x0000000000000010 is an unknown value
RDX=0x00000221bdb0e9f0 is an unknown value
RSP=0x000000cac91fbb30 is pointing into the stack for thread: 0x00000221bffee800
RBP=0x000000cac91fbc30 is pointing into the stack for thread: 0x00000221bffee800
RSI=0x00000221bdb0f550 is an unknown value
RDI=0x00000221bdaa8000 is an unknown value
R8 =0x00000221b7b05600 is an unknown value
R9 =0x00000221bdb0ee70 is an unknown value
R10=0x00000221bdad30ca is an unknown value
R11=0x0000000000000001 is an unknown value
R12=0x0000000000000034 is an unknown value
R13=0x00000221c012e488 is an unknown value
R14=0x0000000000000000 is an unknown value
R15=0x0000000000000010 is an unknown value


Stack: [0x000000cac9100000,0x000000cac9200000],  sp=0x000000cac91fbb30,  free space=1006k
Native frames: (J=compiled Java code, j=interpreted, Vv=VM code, C=native code)
C  [ig9icd64.dll+0x91839b]
C  [ig9icd64.dll+0xdb392]
C  [ig9icd64.dll+0x383bc]
C  [ig9icd64.dll+0xa57779]
C  [ig9icd64.dll+0xa57c39]
C  [ig9icd64.dll+0xaf6be1]
C  [ig9icd64.dll+0xaf717e]
C  0x00000221a09ba8e2

Java frames: (J=compiled Java code, j=interpreted, Vv=VM code)
J 1644  jogamp.opengl.gl4.GL4bcImpl.dispatch_glDrawArrays1(IIIJ)V (0 bytes) @ 0x00000221a09ba845 [0x00000221a09ba800+0x45]
J 1643 C1 jogamp.opengl.gl4.GL4bcImpl.glDrawArrays(III)V (49 bytes) @ 0x00000221a09b8674 [0x00000221a09b7ca0+0x9d4]
J 1616 C1 com.jogamp.opengl.util.awt.TextRenderer$Pipelined_QuadRenderer.drawVertexArrays()V (236 bytes) @ 0x00000221a09ac434 [0x00000221a09ab7a0+0xc94]
J 1560 C1 com.jogamp.opengl.util.awt.TextRenderer.endRendering(Z)V (118 bytes) @ 0x00000221a097d9fc [0x00000221a097d800+0x1fc]
J 1559 C1 com.jogamp.opengl.util.awt.TextRenderer.endRendering()V (6 bytes) @ 0x00000221a097d3c4 [0x00000221a097d340+0x84]
j  org.graphics.EventListener.display(Lcom/jogamp/opengl/GLAutoDrawable;)V+107
j  jogamp.opengl.GLDrawableHelper.displayImpl(Lcom/jogamp/opengl/GLAutoDrawable;)V+62
j  jogamp.opengl.GLDrawableHelper.display(Lcom/jogamp/opengl/GLAutoDrawable;)V+2
j  jogamp.opengl.GLAutoDrawableBase$2.run()V+59
j  jogamp.opengl.GLDrawableHelper.invokeGLImpl(Lcom/jogamp/opengl/GLDrawable;Lcom/jogamp/opengl/GLContext;Ljava/lang/Runnable;Ljava/lang/Runnable;)V+203
j  jogamp.opengl.GLDrawableHelper.invokeGL(Lcom/jogamp/opengl/GLDrawable;Lcom/jogamp/opengl/GLContext;Ljava/lang/Runnable;Ljava/lang/Runnable;)V+72
j  com.jogamp.newt.opengl.GLWindow.display()V+90
j  jogamp.opengl.GLAutoDrawableBase.defaultWindowResizedOp(II)V+206
j  com.jogamp.newt.opengl.GLWindow.access$200(Lcom/jogamp/newt/opengl/GLWindow;II)V+3
j  com.jogamp.newt.opengl.GLWindow$2.windowResized(Lcom/jogamp/newt/event/WindowEvent;)V+18
j  jogamp.newt.WindowImpl.consumeWindowEvent(Lcom/jogamp/newt/event/WindowEvent;)V+234
j  jogamp.newt.WindowImpl.sendWindowEvent(I)V+14
j  jogamp.newt.WindowImpl.setVisibleActionImpl(Z)V+691
j  jogamp.newt.WindowImpl$VisibleAction.run()V+8
j  com.jogamp.common.util.RunnableTask.run()V+198
j  jogamp.newt.DefaultEDTUtil$NEDT.run()V+221
v  ~StubRoutines::call_stub

---------------  P R O C E S S  ---------------

Java Threads: ( => current thread )
=>0x00000221bffee800 JavaThread "main-Display-.windows_nil-1-EDT-2" daemon [_thread_in_native, id=13928, stack(0x000000cac9100000,0x000000cac9200000)]
  0x000002219ea73000 JavaThread "DestroyJavaVM" [_thread_blocked, id=10968, stack(0x000000cac7200000,0x000000cac7300000)]
  0x00000221bda54800 JavaThread "GameLoop" [_thread_blocked, id=5556, stack(0x000000cac8700000,0x000000cac8800000)]
  0x00000221b7681800 JavaThread "main-SharedResourceRunner" daemon [_thread_blocked, id=8564, stack(0x000000cac8a00000,0x000000cac8b00000)]
  0x00000221b74e1800 JavaThread "AWT-Windows" daemon [_thread_in_native, id=6216, stack(0x000000cac8800000,0x000000cac8900000)]
  0x00000221b74c9800 JavaThread "Java2D Disposer" daemon [_thread_blocked, id=4720, stack(0x000000cac8600000,0x000000cac8700000)]
  0x00000221b6aa3000 JavaThread "Service Thread" daemon [_thread_blocked, id=5564, stack(0x000000cac8400000,0x000000cac8500000)]
  0x00000221b56d6000 JavaThread "C1 CompilerThread3" daemon [_thread_blocked, id=8, stack(0x000000cac8300000,0x000000cac8400000)]
  0x00000221b56d2000 JavaThread "C2 CompilerThread2" daemon [_thread_blocked, id=15144, stack(0x000000cac8200000,0x000000cac8300000)]
  0x00000221b56d7800 JavaThread "C2 CompilerThread1" daemon [_thread_blocked, id=15128, stack(0x000000cac8100000,0x000000cac8200000)]
  0x00000221b56d0000 JavaThread "C2 CompilerThread0" daemon [_thread_blocked, id=5360, stack(0x000000cac8000000,0x000000cac8100000)]
  0x00000221b56bd800 JavaThread "Attach Listener" daemon [_thread_blocked, id=11928, stack(0x000000cac7f00000,0x000000cac8000000)]
  0x00000221b56c7000 JavaThread "Signal Dispatcher" daemon [_thread_blocked, id=14528, stack(0x000000cac7e00000,0x000000cac7f00000)]
  0x00000221b569f000 JavaThread "Finalizer" daemon [_thread_blocked, id=10352, stack(0x000000cac7d00000,0x000000cac7e00000)]
  0x00000221b5678800 JavaThread "Reference Handler" daemon [_thread_blocked, id=11332, stack(0x000000cac7c00000,0x000000cac7d00000)]

Other Threads:
  0x00000221b4aae800 VMThread [stack: 0x000000cac7b00000,0x000000cac7c00000] [id=11876]
  0x00000221b6ac8000 WatcherThread [stack: 0x000000cac8500000,0x000000cac8600000] [id=15348]

VM state:not at safepoint (normal execution)

VM Mutex/Monitor currently owned by a thread: None

heap address: 0x0000000081c00000, size: 2020 MB, Compressed Oops mode: 32-bit
Narrow klass base: 0x0000000000000000, Narrow klass shift: 3
Compressed class space size: 1073741824 Address: 0x0000000100000000

Heap:
 PSYoungGen      total 38400K, used 7773K [0x00000000d5f00000, 0x00000000d8980000, 0x0000000100000000)
  eden space 33280K, 8% used [0x00000000d5f00000,0x00000000d619d268,0x00000000d7f80000)
  from space 5120K, 99% used [0x00000000d8480000,0x00000000d897a480,0x00000000d8980000)
  to   space 5120K, 0% used [0x00000000d7f80000,0x00000000d7f80000,0x00000000d8480000)
 ParOldGen       total 87552K, used 13829K [0x0000000081c00000, 0x0000000087180000, 0x00000000d5f00000)
  object space 87552K, 15% used [0x0000000081c00000,0x00000000829814d0,0x0000000087180000)
 Metaspace       used 16030K, capacity 16172K, committed 16256K, reserved 1064960K
  class space    used 1569K, capacity 1637K, committed 1664K, reserved 1048576K

Card table byte_map: [0x00000221af7b0000,0x00000221afbb0000] byte_map_base: 0x00000221af3a2000

Marking Bits: (ParMarkBitMap*) 0x000000006d956ff0
 Begin Bits: [0x00000221afe60000, 0x00000221b1df0000)
 End Bits:   [0x00000221b1df0000, 0x00000221b3d80000)

Polling page: 0x000002219ec10000

CodeCache: size=245760Kb used=6031Kb max_used=6042Kb free=239729Kb
 bounds [0x00000221a03f0000, 0x00000221a09e0000, 0x00000221af3f0000]
 total_blobs=2575 nmethods=1703 adapters=784
 compilation: enabled

Compilation events (10 events):
Event: 5.499 Thread 0x00000221b56d6000 1699       3       com.jogamp.newt.MonitorMode::getSurfaceSize (8 bytes)
Event: 5.499 Thread 0x00000221b56d6000 nmethod 1699 0x00000221a09d7550 code [0x00000221a09d76a0, 0x00000221a09d77f8]
Event: 5.499 Thread 0x00000221b56d6000 1700       3       java.lang.Class::reflectionData (49 bytes)
Event: 5.499 Thread 0x00000221b56d6000 nmethod 1700 0x00000221a09d7890 code [0x00000221a09d7a20, 0x00000221a09d7f30]
Event: 5.540 Thread 0x00000221b56d6000 1701       1       com.jogamp.nativewindow.DefaultGraphicsDevice::getUniqueID (5 bytes)
Event: 5.540 Thread 0x00000221b56d6000 nmethod 1701 0x00000221a09d8090 code [0x00000221a09d81e0, 0x00000221a09d82f8]
Event: 5.556 Thread 0x00000221b56d6000 1702       3       java.util.regex.Matcher::groupCount (10 bytes)
Event: 5.557 Thread 0x00000221b56d6000 nmethod 1702 0x00000221a09d8350 code [0x00000221a09d84a0, 0x00000221a09d85f8]
Event: 5.591 Thread 0x00000221b56d7800 1703       4       jogamp.opengl.gl4.GL4bcImpl::glTranslatef (48 bytes)
Event: 5.593 Thread 0x00000221b56d7800 nmethod 1703 0x00000221a09db350 code [0x00000221a09db4a0, 0x00000221a09db588]

GC Heap History (8 events):
Event: 1.546 GC heap before
{Heap before GC invocations=1 (full 0):
 PSYoungGen      total 38400K, used 33280K [0x00000000d5f00000, 0x00000000d8980000, 0x0000000100000000)
  eden space 33280K, 100% used [0x00000000d5f00000,0x00000000d7f80000,0x00000000d7f80000)
  from space 5120K, 0% used [0x00000000d8480000,0x00000000d8480000,0x00000000d8980000)
  to   space 5120K, 0% used [0x00000000d7f80000,0x00000000d7f80000,0x00000000d8480000)
 ParOldGen       total 87552K, used 0K [0x0000000081c00000, 0x0000000087180000, 0x00000000d5f00000)
  object space 87552K, 0% used [0x0000000081c00000,0x0000000081c00000,0x0000000087180000)
 Metaspace       used 12155K, capacity 12318K, committed 12544K, reserved 1060864K
  class space    used 1187K, capacity 1249K, committed 1280K, reserved 1048576K
Event: 1.555 GC heap after
Heap after GC invocations=1 (full 0):
 PSYoungGen      total 38400K, used 4778K [0x00000000d5f00000, 0x00000000d8980000, 0x0000000100000000)
  eden space 33280K, 0% used [0x00000000d5f00000,0x00000000d5f00000,0x00000000d7f80000)
  from space 5120K, 93% used [0x00000000d7f80000,0x00000000d842a928,0x00000000d8480000)
  to   space 5120K, 0% used [0x00000000d8480000,0x00000000d8480000,0x00000000d8980000)
 ParOldGen       total 87552K, used 0K [0x0000000081c00000, 0x0000000087180000, 0x00000000d5f00000)
  object space 87552K, 0% used [0x0000000081c00000,0x0000000081c00000,0x0000000087180000)
 Metaspace       used 12155K, capacity 12318K, committed 12544K, reserved 1060864K
  class space    used 1187K, capacity 1249K, committed 1280K, reserved 1048576K
}
Event: 2.101 GC heap before
{Heap before GC invocations=2 (full 0):
 PSYoungGen      total 38400K, used 38058K [0x00000000d5f00000, 0x00000000d8980000, 0x0000000100000000)
  eden space 33280K, 100% used [0x00000000d5f00000,0x00000000d7f80000,0x00000000d7f80000)
  from space 5120K, 93% used [0x00000000d7f80000,0x00000000d842a928,0x00000000d8480000)
  to   space 5120K, 0% used [0x00000000d8480000,0x00000000d8480000,0x00000000d8980000)
 ParOldGen       total 87552K, used 0K [0x0000000081c00000, 0x0000000087180000, 0x00000000d5f00000)
  object space 87552K, 0% used [0x0000000081c00000,0x0000000081c00000,0x0000000087180000)
 Metaspace       used 14429K, capacity 14622K, committed 14848K, reserved 1062912K
  class space    used 1439K, capacity 1505K, committed 1536K, reserved 1048576K
Event: 2.109 GC heap after
Heap after GC invocations=2 (full 0):
 PSYoungGen      total 38400K, used 5110K [0x00000000d5f00000, 0x00000000d8980000, 0x0000000100000000)
  eden space 33280K, 0% used [0x00000000d5f00000,0x00000000d5f00000,0x00000000d7f80000)
  from space 5120K, 99% used [0x00000000d8480000,0x00000000d897d820,0x00000000d8980000)
  to   space 5120K, 0% used [0x00000000d7f80000,0x00000000d7f80000,0x00000000d8480000)
 ParOldGen       total 87552K, used 10560K [0x0000000081c00000, 0x0000000087180000, 0x00000000d5f00000)
  object space 87552K, 12% used [0x0000000081c00000,0x0000000082650120,0x0000000087180000)
 Metaspace       used 14429K, capacity 14622K, committed 14848K, reserved 1062912K
  class space    used 1439K, capacity 1505K, committed 1536K, reserved 1048576K
}
Event: 2.387 GC heap before
{Heap before GC invocations=3 (full 0):
 PSYoungGen      total 38400K, used 38390K [0x00000000d5f00000, 0x00000000d8980000, 0x0000000100000000)
  eden space 33280K, 100% used [0x00000000d5f00000,0x00000000d7f80000,0x00000000d7f80000)
  from space 5120K, 99% used [0x00000000d8480000,0x00000000d897d820,0x00000000d8980000)
  to   space 5120K, 0% used [0x00000000d7f80000,0x00000000d7f80000,0x00000000d8480000)
 ParOldGen       total 87552K, used 10560K [0x0000000081c00000, 0x0000000087180000, 0x00000000d5f00000)
  object space 87552K, 12% used [0x0000000081c00000,0x0000000082650120,0x0000000087180000)
 Metaspace       used 14947K, capacity 15136K, committed 15488K, reserved 1062912K
  class space    used 1487K, capacity 1571K, committed 1664K, reserved 1048576K
Event: 2.390 GC heap after
Heap after GC invocations=3 (full 0):
 PSYoungGen      total 38400K, used 3423K [0x00000000d5f00000, 0x00000000d8980000, 0x0000000100000000)
  eden space 33280K, 0% used [0x00000000d5f00000,0x00000000d5f00000,0x00000000d7f80000)
  from space 5120K, 66% used [0x00000000d7f80000,0x00000000d82d7c18,0x00000000d8480000)
  to   space 5120K, 0% used [0x00000000d8480000,0x00000000d8480000,0x00000000d8980000)
 ParOldGen       total 87552K, used 10568K [0x0000000081c00000, 0x0000000087180000, 0x00000000d5f00000)
  object space 87552K, 12% used [0x0000000081c00000,0x0000000082652120,0x0000000087180000)
 Metaspace       used 14947K, capacity 15136K, committed 15488K, reserved 1062912K
  class space    used 1487K, capacity 1571K, committed 1664K, reserved 1048576K
}
Event: 4.800 GC heap before
{Heap before GC invocations=4 (full 0):
 PSYoungGen      total 38400K, used 36703K [0x00000000d5f00000, 0x00000000d8980000, 0x0000000100000000)
  eden space 33280K, 100% used [0x00000000d5f00000,0x00000000d7f80000,0x00000000d7f80000)
  from space 5120K, 66% used [0x00000000d7f80000,0x00000000d82d7c18,0x00000000d8480000)
  to   space 5120K, 0% used [0x00000000d8480000,0x00000000d8480000,0x00000000d8980000)
 ParOldGen       total 87552K, used 10568K [0x0000000081c00000, 0x0000000087180000, 0x00000000d5f00000)
  object space 87552K, 12% used [0x0000000081c00000,0x0000000082652120,0x0000000087180000)
 Metaspace       used 16004K, capacity 16172K, committed 16256K, reserved 1064960K
  class space    used 1568K, capacity 1637K, committed 1664K, reserved 1048576K
Event: 4.805 GC heap after
Heap after GC invocations=4 (full 0):
 PSYoungGen      total 38400K, used 5097K [0x00000000d5f00000, 0x00000000d8980000, 0x0000000100000000)
  eden space 33280K, 0% used [0x00000000d5f00000,0x00000000d5f00000,0x00000000d7f80000)
  from space 5120K, 99% used [0x00000000d8480000,0x00000000d897a480,0x00000000d8980000)
  to   space 5120K, 0% used [0x00000000d7f80000,0x00000000d7f80000,0x00000000d8480000)
 ParOldGen       total 87552K, used 13829K [0x0000000081c00000, 0x0000000087180000, 0x00000000d5f00000)
  object space 87552K, 15% used [0x0000000081c00000,0x00000000829814d0,0x0000000087180000)
 Metaspace       used 16004K, capacity 16172K, committed 16256K, reserved 1064960K
  class space    used 1568K, capacity 1637K, committed 1664K, reserved 1048576K
}

Deoptimization events (10 events):
Event: 2.505 Thread 0x000002219ea73000 Uncommon trap: reason=unstable_if action=reinterpret pc=0x00000221a07a5d60 method=java.awt.image.ComponentColorModel.getDataElements(ILjava/lang/Object;)Ljava/lang/Object; @ 1956
Event: 2.521 Thread 0x000002219ea73000 Uncommon trap: reason=unstable_if action=reinterpret pc=0x00000221a07ae370 method=java.awt.image.ComponentColorModel.getRGB(Ljava/lang/Object;)I @ 15
Event: 2.522 Thread 0x000002219ea73000 Uncommon trap: reason=unstable_if action=reinterpret pc=0x00000221a0810978 method=java.awt.image.ComponentColorModel.getRGB(Ljava/lang/Object;)I @ 15
Event: 2.935 Thread 0x00000221bda54800 Uncommon trap: reason=unstable_if action=reinterpret pc=0x00000221a0829480 method=java.awt.image.ComponentColorModel.getDataElements(ILjava/lang/Object;)Ljava/lang/Object; @ 30
Event: 2.937 Thread 0x00000221bda54800 Uncommon trap: reason=unstable_if action=reinterpret pc=0x00000221a07a3a94 method=sun.awt.image.ByteInterleavedRaster.getDataElements(IILjava/lang/Object;)Ljava/lang/Object; @ 43
Event: 2.941 Thread 0x00000221bda54800 Uncommon trap: reason=unstable_if action=reinterpret pc=0x00000221a07a1cbc method=java.awt.image.ComponentColorModel.extractComponent(Ljava/lang/Object;II)I @ 11
Event: 4.663 Thread 0x00000221bda54800 Uncommon trap: reason=predicate action=maybe_recompile pc=0x00000221a09b7414 method=java.util.Arrays.fill([Ljava/lang/Object;Ljava/lang/Object;)V @ 10
Event: 4.688 Thread 0x00000221bda54800 Uncommon trap: reason=array_check action=maybe_recompile pc=0x00000221a09a01c0 method=java.util.Arrays.fill([Ljava/lang/Object;Ljava/lang/Object;)V @ 13
Event: 5.041 Thread 0x00000221bda54800 Uncommon trap: reason=unstable_if action=reinterpret pc=0x00000221a09c9018 method=sun.font.CMap$CMapFormat4.getGlyph(I)C @ 181
Event: 5.472 Thread 0x00000221bda54800 Uncommon trap: reason=class_check action=maybe_recompile pc=0x00000221a08061bc method=java.util.Arrays.copyOf([Ljava/lang/Object;ILjava/lang/Class;)[Ljava/lang/Object; @ 24

Classes redefined (0 events):
No events

Internal exceptions (10 events):
Event: 2.654 Thread 0x000002219ea73000 Exception <a 'java/lang/NullPointerException'> (0x00000000d73508e0) thrown at [C:\jenkins\workspace\8-2-build-windows-amd64-cygwin\jdk8u281\880\hotspot\src\share\vm\interpreter\linkResolver.cpp, line 1185]
Event: 2.665 Thread 0x000002219ea73000 Exception <a 'java/lang/NullPointerException'> (0x00000000d73cae28) thrown at [C:\jenkins\workspace\8-2-build-windows-amd64-cygwin\jdk8u281\880\hotspot\src\share\vm\interpreter\linkResolver.cpp, line 1185]
Event: 2.683 Thread 0x000002219ea73000 Exception <a 'java/lang/NullPointerException'> (0x00000000d741d000) thrown at [C:\jenkins\workspace\8-2-build-windows-amd64-cygwin\jdk8u281\880\hotspot\src\share\vm\interpreter\linkResolver.cpp, line 1185]
Event: 2.688 Thread 0x000002219ea73000 Exception <a 'java/lang/NullPointerException'> (0x00000000d74334e8) thrown at [C:\jenkins\workspace\8-2-build-windows-amd64-cygwin\jdk8u281\880\hotspot\src\share\vm\interpreter\linkResolver.cpp, line 1185]
Event: 2.694 Thread 0x000002219ea73000 Exception <a 'java/lang/NullPointerException'> (0x00000000d7442578) thrown at [C:\jenkins\workspace\8-2-build-windows-amd64-cygwin\jdk8u281\880\hotspot\src\share\vm\interpreter\linkResolver.cpp, line 1185]
Event: 2.701 Thread 0x000002219ea73000 Exception <a 'java/lang/NullPointerException'> (0x00000000d7451050) thrown at [C:\jenkins\workspace\8-2-build-windows-amd64-cygwin\jdk8u281\880\hotspot\src\share\vm\interpreter\linkResolver.cpp, line 1185]
Event: 2.706 Thread 0x000002219ea73000 Exception <a 'java/lang/NullPointerException'> (0x00000000d745f8b0) thrown at [C:\jenkins\workspace\8-2-build-windows-amd64-cygwin\jdk8u281\880\hotspot\src\share\vm\interpreter\linkResolver.cpp, line 1185]
Event: 2.709 Thread 0x000002219ea73000 Exception <a 'java/lang/NullPointerException'> (0x00000000d746b9b0) thrown at [C:\jenkins\workspace\8-2-build-windows-amd64-cygwin\jdk8u281\880\hotspot\src\share\vm\interpreter\linkResolver.cpp, line 1185]
Event: 2.713 Thread 0x000002219ea73000 Exception <a 'java/lang/NullPointerException'> (0x00000000d7477a88) thrown at [C:\jenkins\workspace\8-2-build-windows-amd64-cygwin\jdk8u281\880\hotspot\src\share\vm\interpreter\linkResolver.cpp, line 1185]
Event: 2.716 Thread 0x000002219ea73000 Exception <a 'java/lang/NullPointerException'> (0x00000000d7483bf8) thrown at [C:\jenkins\workspace\8-2-build-windows-amd64-cygwin\jdk8u281\880\hotspot\src\share\vm\interpreter\linkResolver.cpp, line 1185]

Events (10 events):
Event: 5.041 Thread 0x00000221bda54800 Uncommon trap: trap_request=0xffffff65 fr.pc=0x00000221a09c9018
Event: 5.041 Thread 0x00000221bda54800 DEOPT PACKING pc=0x00000221a09c9018 sp=0x000000cac87fe680
Event: 5.041 Thread 0x00000221bda54800 DEOPT UNPACKING pc=0x00000221a0435843 sp=0x000000cac87fe5f0 mode 2
Event: 5.471 loading class jogamp/newt/DisplayImpl$5
Event: 5.471 loading class jogamp/newt/DisplayImpl$5 done
Event: 5.472 Thread 0x00000221bda54800 Uncommon trap: trap_request=0xffffffde fr.pc=0x00000221a08061bc
Event: 5.472 Thread 0x00000221bda54800 DEOPT PACKING pc=0x00000221a08061bc sp=0x000000cac87fe9b0
Event: 5.472 Thread 0x00000221bda54800 DEOPT UNPACKING pc=0x00000221a0435843 sp=0x000000cac87fe980 mode 2
Event: 5.472 Thread 0x00000221bffee800 Thread added: 0x00000221bffee800
Event: 5.472 Thread 0x00000221b776c800 Thread exited: 0x00000221b776c800


Dynamic libraries:
0x00007ff6dfc50000 - 0x00007ff6dfc97000 	C:\Program Files\Java\jre1.8.0_281\bin\javaw.exe
0x00007ffa5d390000 - 0x00007ffa5d5a4000 	C:\WINDOWS\SYSTEM32\ntdll.dll
0x00007ffa5c1b0000 - 0x00007ffa5c273000 	C:\WINDOWS\System32\KERNEL32.DLL
0x00007ffa5abf0000 - 0x00007ffa5af8c000 	C:\WINDOWS\System32\KERNELBASE.dll
0x00007ffa5bda0000 - 0x00007ffa5be4e000 	C:\WINDOWS\System32\ADVAPI32.dll
0x00007ffa5b9b0000 - 0x00007ffa5ba57000 	C:\WINDOWS\System32\msvcrt.dll
0x00007ffa5ca10000 - 0x00007ffa5cab4000 	C:\WINDOWS\System32\sechost.dll
0x00007ffa5c8f0000 - 0x00007ffa5ca05000 	C:\WINDOWS\System32\RPCRT4.dll
0x00007ffa5cc80000 - 0x00007ffa5ce2d000 	C:\WINDOWS\System32\USER32.dll
0x00007ffa5aa00000 - 0x00007ffa5aa26000 	C:\WINDOWS\System32\win32u.dll
0x00007ffa5c080000 - 0x00007ffa5c0a9000 	C:\WINDOWS\System32\GDI32.dll
0x00007ffa5b010000 - 0x00007ffa5b122000 	C:\WINDOWS\System32\gdi32full.dll
0x00007ffa5aa30000 - 0x00007ffa5aaca000 	C:\WINDOWS\System32\msvcp_win.dll
0x00007ffa5aad0000 - 0x00007ffa5abe1000 	C:\WINDOWS\System32\ucrtbase.dll
0x00007ffa3f960000 - 0x00007ffa3fbee000 	C:\WINDOWS\WinSxS\amd64_microsoft.windows.common-controls_6595b64144ccf1df_6.0.22621.608_none_a9444ca7c10bb01d\COMCTL32.dll
0x00007ffa5cac0000 - 0x00007ffa5caf2000 	C:\WINDOWS\System32\IMM32.DLL
0x00007ffa55a90000 - 0x00007ffa55aa5000 	C:\Program Files\Java\jre1.8.0_281\bin\vcruntime140.dll
0x00007ffa46580000 - 0x00007ffa4661b000 	C:\Program Files\Java\jre1.8.0_281\bin\msvcp140.dll
0x000000006d170000 - 0x000000006d9cf000 	C:\Program Files\Java\jre1.8.0_281\bin\server\jvm.dll
0x00007ffa5d260000 - 0x00007ffa5d268000 	C:\WINDOWS\System32\PSAPI.DLL
0x00007ffa55af0000 - 0x00007ffa55af9000 	C:\WINDOWS\SYSTEM32\WSOCK32.dll
0x00007ffa54010000 - 0x00007ffa54044000 	C:\WINDOWS\SYSTEM32\WINMM.dll
0x00007ffa525a0000 - 0x00007ffa525aa000 	C:\WINDOWS\SYSTEM32\VERSION.dll
0x00007ffa5c000000 - 0x00007ffa5c071000 	C:\WINDOWS\System32\WS2_32.dll
0x00007ffa59910000 - 0x00007ffa59928000 	C:\WINDOWS\SYSTEM32\kernel.appcore.dll
0x00007ffa55ae0000 - 0x00007ffa55af0000 	C:\Program Files\Java\jre1.8.0_281\bin\verify.dll
0x00007ffa55ab0000 - 0x00007ffa55adb000 	C:\Program Files\Java\jre1.8.0_281\bin\java.dll
0x00007ffa55360000 - 0x00007ffa55378000 	C:\Program Files\Java\jre1.8.0_281\bin\zip.dll
0x00007ffa5b1a0000 - 0x00007ffa5b98f000 	C:\WINDOWS\System32\SHELL32.dll
0x00007ffa58800000 - 0x00007ffa590c8000 	C:\WINDOWS\SYSTEM32\windows.storage.dll
0x00007ffa5ce50000 - 0x00007ffa5d1da000 	C:\WINDOWS\System32\combase.dll
0x00007ffa586c0000 - 0x00007ffa587fe000 	C:\WINDOWS\SYSTEM32\wintypes.dll
0x00007ffa5c2e0000 - 0x00007ffa5c3d1000 	C:\WINDOWS\System32\SHCORE.dll
0x00007ffa5bc20000 - 0x00007ffa5bc7e000 	C:\WINDOWS\System32\shlwapi.dll
0x00007ffa5a700000 - 0x00007ffa5a721000 	C:\WINDOWS\SYSTEM32\profapi.dll
0x00007ffa59fe0000 - 0x00007ffa59ffb000 	C:\WINDOWS\SYSTEM32\CRYPTSP.dll
0x00007ffa59880000 - 0x00007ffa598b5000 	C:\WINDOWS\system32\rsaenh.dll
0x00007ffa59e70000 - 0x00007ffa59e98000 	C:\WINDOWS\SYSTEM32\USERENV.dll
0x00007ffa5a190000 - 0x00007ffa5a1b8000 	C:\WINDOWS\SYSTEM32\bcrypt.dll
0x00007ffa5af90000 - 0x00007ffa5b00b000 	C:\WINDOWS\System32\bcryptprimitives.dll
0x00007ffa59fd0000 - 0x00007ffa59fdc000 	C:\WINDOWS\SYSTEM32\CRYPTBASE.dll
0x00007ffa498d0000 - 0x00007ffa498ec000 	C:\Program Files\Java\jre1.8.0_281\bin\net.dll
0x00007ffa59d80000 - 0x00007ffa59de9000 	C:\WINDOWS\system32\mswsock.dll
0x00007ffa59390000 - 0x00007ffa593bd000 	C:\WINDOWS\SYSTEM32\IPHLPAPI.DLL
0x00007ffa5c2d0000 - 0x00007ffa5c2d9000 	C:\WINDOWS\System32\NSI.dll
0x00007ffa53a80000 - 0x00007ffa53a99000 	C:\WINDOWS\SYSTEM32\dhcpcsvc6.DLL
0x00007ffa53a60000 - 0x00007ffa53a7f000 	C:\WINDOWS\SYSTEM32\dhcpcsvc.DLL
0x00007ffa59400000 - 0x00007ffa594f3000 	C:\WINDOWS\SYSTEM32\DNSAPI.dll
0x00007ffa498b0000 - 0x00007ffa498c3000 	C:\Program Files\Java\jre1.8.0_281\bin\nio.dll
0x00007ffa57850000 - 0x00007ffa578e7000 	C:\WINDOWS\system32\apphelp.dll
0x00000000637c0000 - 0x00000000637cd000 	D:\Eclipse\workspace\Java-OpenGL-Game\lib\natives\windows-amd64\gluegen-rt.dll
0x00007ffa463e0000 - 0x00007ffa46575000 	C:\Program Files\Java\jre1.8.0_281\bin\awt.dll
0x00007ffa5d270000 - 0x00007ffa5d347000 	C:\WINDOWS\System32\OLEAUT32.dll
0x00007ffa57dd0000 - 0x00007ffa57e7b000 	C:\WINDOWS\system32\uxtheme.dll
0x00007ffa5bc80000 - 0x00007ffa5bd9e000 	C:\WINDOWS\System32\MSCTF.dll
0x00007ffa5be60000 - 0x00007ffa5bffc000 	C:\WINDOWS\System32\ole32.dll
0x00007ffa553e0000 - 0x00007ffa553e7000 	C:\Program Files\Java\jre1.8.0_281\bin\jawt.dll
0x000000006a440000 - 0x000000006a44d000 	D:\Eclipse\workspace\Java-OpenGL-Game\lib\natives\windows-amd64\nativewindow_awt.dll
0x00007ffa58140000 - 0x00007ffa5816b000 	C:\WINDOWS\system32\DWMAPI.DLL
0x00007ffa2b210000 - 0x00007ffa2b310000 	C:\WINDOWS\system32\opengl32.dll
0x00007ffa2b1a0000 - 0x00007ffa2b1cd000 	C:\WINDOWS\SYSTEM32\GLU32.dll
0x00007ffa57f00000 - 0x00007ffa57f36000 	C:\WINDOWS\SYSTEM32\dxcore.dll
0x000000006c100000 - 0x000000006c10f000 	D:\Eclipse\workspace\Java-OpenGL-Game\lib\natives\windows-amd64\nativewindow_win32.dll
0x0000000064500000 - 0x00000000645b1000 	D:\Eclipse\workspace\Java-OpenGL-Game\lib\natives\windows-amd64\jogl_desktop.dll
0x0000000064340000 - 0x00000000643a2000 	D:\Eclipse\workspace\Java-OpenGL-Game\lib\natives\windows-amd64\jogl_mobile.dll
0x00007ffa53d60000 - 0x00007ffa53da9000 	C:\WINDOWS\SYSTEM32\directxdatabasehelper.dll
0x00007ffa5cb00000 - 0x00007ffa5cbb0000 	C:\WINDOWS\System32\clbcatq.dll
0x00007ffa53ed0000 - 0x00007ffa54005000 	C:\Windows\System32\AppXDeploymentClient.dll
0x00007ffa0dd30000 - 0x00007ffa0edd5000 	C:\WINDOWS\System32\DriverStore\FileRepository\iigd_dch.inf_amd64_51f685305808e3a5\ig9icd64.dll
0x00007ffa57f40000 - 0x00007ffa58037000 	C:\WINDOWS\system32\dxgi.dll
0x00007ffa461b0000 - 0x00007ffa462dc000 	C:\WINDOWS\System32\DriverStore\FileRepository\iigd_dch.inf_amd64_51f685305808e3a5\igdml64.dll
0x00007ffa4fb90000 - 0x00007ffa4ff99000 	C:\WINDOWS\System32\DriverStore\FileRepository\iigd_dch.inf_amd64_51f685305808e3a5\igdgmm64.dll
0x00007ffa4c3f0000 - 0x00007ffa4fb84000 	C:\WINDOWS\System32\DriverStore\FileRepository\iigd_dch.inf_amd64_51f685305808e3a5\igc64.dll
0x00007ffa596e0000 - 0x00007ffa5972d000 	C:\WINDOWS\SYSTEM32\powrprof.dll
0x00007ffa596c0000 - 0x00007ffa596d3000 	C:\WINDOWS\SYSTEM32\UMPDC.dll
0x000000006cbc0000 - 0x000000006cbd3000 	D:\Eclipse\workspace\Java-OpenGL-Game\lib\natives\windows-amd64\newt.dll
0x00007ffa55400000 - 0x00007ffa554bd000 	C:\WINDOWS\SYSTEM32\mscms.dll
0x00007ffa55200000 - 0x00007ffa55249000 	C:\WINDOWS\SYSTEM32\icm32.dll
0x00007ffa5c470000 - 0x00007ffa5c8ea000 	C:\WINDOWS\System32\setupapi.dll
0x00007ffa5a4d0000 - 0x00007ffa5a503000 	C:\WINDOWS\SYSTEM32\DEVOBJ.dll
0x00007ffa5a480000 - 0x00007ffa5a4ce000 	C:\WINDOWS\SYSTEM32\cfgmgr32.dll
0x00007ffa5b130000 - 0x00007ffa5b19b000 	C:\WINDOWS\System32\WINTRUST.dll
0x00007ffa5a890000 - 0x00007ffa5a9f6000 	C:\WINDOWS\System32\CRYPT32.dll
0x00007ffa5a030000 - 0x00007ffa5a042000 	C:\WINDOWS\SYSTEM32\MSASN1.dll
0x00007ffa498f0000 - 0x00007ffa49a1d000 	C:\WINDOWS\SYSTEM32\textinputframework.dll
0x00007ffa57570000 - 0x00007ffa576a3000 	C:\WINDOWS\SYSTEM32\CoreMessaging.dll
0x00007ffa53200000 - 0x00007ffa5356c000 	C:\WINDOWS\SYSTEM32\CoreUIComponents.dll
0x00007ffa550d0000 - 0x00007ffa55119000 	C:\Program Files\Java\jre1.8.0_281\bin\fontmanager.dll
0x00007ffa49670000 - 0x00007ffa496a2000 	C:\Program Files\Java\jre1.8.0_281\bin\jpeg.dll
0x00007ffa46390000 - 0x00007ffa463d3000 	C:\Program Files\Java\jre1.8.0_281\bin\t2k.dll
0x00007ffa579c0000 - 0x00007ffa57bee000 	C:\WINDOWS\SYSTEM32\dbghelp.dll

VM Arguments:
jvm_args: -Djava.library.path=D:\Eclipse\workspace\Java-OpenGL-Game\lib\natives\windows-amd64;D:\Eclipse\workspace\Java-OpenGL-Game\lib\natives\windows-amd64 -Dfile.encoding=Cp1250 
java_command: org.engine.Main
java_class_path (initial): D:\Eclipse\workspace\Java-OpenGL-Game\bin;D:\Eclipse\workspace\Java-OpenGL-Game\lib\gluegen-rt.jar;D:\Eclipse\workspace\Java-OpenGL-Game\lib\jogl-all.jar;D:\Eclipse\workspace\Java-OpenGL-Game\lib\json-simple-1.1.1.jar
Launcher Type: SUN_STANDARD

Environment Variables:
PATH=C:/Program Files/Java/jre1.8.0_281/bin/server;C:/Program Files/Java/jre1.8.0_281/bin;C:/Program Files/Java/jre1.8.0_281/lib/amd64;C:\Program Files\Common Files\Oracle\Java\javapath;C:\ProgramData\Oracle\Java\javapath;C:\Program Files (x86)\Common Files\Oracle\Java\javapath;C:\WINDOWS\system32;C:\WINDOWS;C:\WINDOWS\System32\Wbem;C:\WINDOWS\System32\WindowsPowerShell\v1.0\;C:\WINDOWS\System32\OpenSSH\;C:\Program Files\PuTTY\;D:\Gitr\Git\cmd;D;C:\Program Files\nodejs\;C:\Users\HP\AppData\Local\Microsoft\WindowsApps;C:\Program Files (x86)\Nmap;C:\Users\HP\AppData\Local\atom\bin;C:\Users\HP\AppData\Local\Microsoft\WindowsApps;;C:\Users\HP\AppData\Local\Programs\Microsoft VS Code\bin;C:\Program Files\JetBrains\PyCharm Community Edition 2022.1\bin;;C:\Users\HP\AppData\Roaming\npm;C:\WINDOWS\system32;
USERNAME=HP
OS=Windows_NT
PROCESSOR_IDENTIFIER=Intel64 Family 6 Model 142 Stepping 10, GenuineIntel



---------------  S Y S T E M  ---------------

OS: Windows 10.0 , 64 bit Build 22621 (10.0.22621.1194)

CPU:total 8 (initial active 8) (4 cores per cpu, 2 threads per core) family 6 model 142 stepping 10, cmov, cx8, fxsr, mmx, sse, sse2, sse3, ssse3, sse4.1, sse4.2, popcnt, avx, avx2, aes, clmul, erms, 3dnowpref, lzcnt, ht, tsc, tscinvbit, bmi1, bmi2, adx

Memory: 4k page, physical 8266212k(3006488k free), swap 10625508k(4112500k free)

vm_info: Java HotSpot(TM) 64-Bit Server VM (25.281-b09) for windows-amd64 JRE (1.8.0_281-b09), built on Dec  9 2020 13:54:07 by "" with MS VC++ 15.9 (VS2017)

time: Wed Mar 15 10:38:21 2023
timezone: Œrodkowoeuropejski czas stand.
elapsed time: 5.763812 seconds (0d 0h 0m 5s)

